Building...
/Users/m3/Documents/Projects/c#.net/Location-voiture-front-web/Location-voiture-front-web.csproj : warning NU1903: Package 'System.Text.Json' 8.0.0 has a known high severity vulnerability, https://github.com/advisories/GHSA-8g4q-xg66-9fp4
/Users/m3/Documents/Projects/c#.net/Location-voiture-front-web/Location-voiture-front-web.csproj : warning NU1903: Package 'System.Text.Json' 8.0.0 has a known high severity vulnerability, https://github.com/advisories/GHSA-hh2w-p6rv-4g7w
/Users/m3/Documents/Projects/c#.net/Location-voiture-front-web/Location-voiture-front-web.csproj : warning NU1903: Package 'System.Text.Json' 8.0.0 has a known high severity vulnerability, https://github.com/advisories/GHSA-8g4q-xg66-9fp4
/Users/m3/Documents/Projects/c#.net/Location-voiture-front-web/Location-voiture-front-web.csproj : warning NU1903: Package 'System.Text.Json' 8.0.0 has a known high severity vulnerability, https://github.com/advisories/GHSA-hh2w-p6rv-4g7w
info: Microsoft.Hosting.Lifetime[14]
      Now listening on: http://localhost:5180
info: Microsoft.Hosting.Lifetime[0]
      Application started. Press Ctrl+C to shut down.
info: Microsoft.Hosting.Lifetime[0]
      Hosting environment: Development
info: Microsoft.Hosting.Lifetime[0]
      Content root path: /Users/m3/Documents/Projects/c#.net/Location-voiture-front-web
warn: Microsoft.AspNetCore.HttpsPolicy.HttpsRedirectionMiddleware[3]
      Failed to determine the https port for redirect.
info: System.Net.Http.HttpClient.IApiService.LogicalHandler[100]
      Start processing HTTP request GET http://localhost:5269/api/Vehicules
info: System.Net.Http.HttpClient.IApiService.ClientHandler[100]
      Sending HTTP request GET http://localhost:5269/api/Vehicules
info: System.Net.Http.HttpClient.IApiService.ClientHandler[101]
      Received HTTP response headers after 16.9857ms - 401
info: System.Net.Http.HttpClient.IApiService.LogicalHandler[101]
      End processing HTTP request after 21.5371ms - 401
fail: Location_voiture_front_web.Services.ApiService[0]
      Error parsing error response: 
      System.Text.Json.JsonException: The input does not contain any JSON tokens. Expected the input to start with a valid JSON token, when isFinalBlock is true. Path: $ | LineNumber: 0 | BytePositionInLine: 0.
       ---> System.Text.Json.JsonReaderException: The input does not contain any JSON tokens. Expected the input to start with a valid JSON token, when isFinalBlock is true. LineNumber: 0 | BytePositionInLine: 0.
         at System.Text.Json.ThrowHelper.ThrowJsonReaderException(Utf8JsonReader& json, ExceptionResource resource, Byte nextByte, ReadOnlySpan`1 bytes)
         at System.Text.Json.Utf8JsonReader.Read()
         at System.Text.Json.Serialization.JsonConverter`1.ReadCore(Utf8JsonReader& reader, JsonSerializerOptions options, ReadStack& state)
         --- End of inner exception stack trace ---
         at System.Text.Json.ThrowHelper.ReThrowWithPath(ReadStack& state, JsonReaderException ex)
         at System.Text.Json.Serialization.JsonConverter`1.ReadCore(Utf8JsonReader& reader, JsonSerializerOptions options, ReadStack& state)
         at System.Text.Json.JsonSerializer.ReadFromSpan[TValue](ReadOnlySpan`1 utf8Json, JsonTypeInfo`1 jsonTypeInfo, Nullable`1 actualByteCount)
         at System.Text.Json.JsonSerializer.ReadFromSpan[TValue](ReadOnlySpan`1 json, JsonTypeInfo`1 jsonTypeInfo)
         at Location_voiture_front_web.Services.ApiService.HandleResponse[T](HttpResponseMessage response) in /Users/m3/Documents/Projects/c#.net/Location-voiture-front-web/Services/ApiService.cs:line 188
warn: Location_voiture_front_web.Pages.IndexModel[0]
      Error loading vehicles: Erreur: Unauthorized
info: System.Net.Http.HttpClient.IApiService.LogicalHandler[100]
      Start processing HTTP request GET http://localhost:5269/api/Vehicules
info: System.Net.Http.HttpClient.IApiService.ClientHandler[100]
      Sending HTTP request GET http://localhost:5269/api/Vehicules
info: System.Net.Http.HttpClient.IApiService.ClientHandler[101]
      Received HTTP response headers after 13.065ms - 401
info: System.Net.Http.HttpClient.IApiService.LogicalHandler[101]
      End processing HTTP request after 13.2904ms - 401
fail: Location_voiture_front_web.Services.ApiService[0]
      Error parsing error response: 
      System.Text.Json.JsonException: The input does not contain any JSON tokens. Expected the input to start with a valid JSON token, when isFinalBlock is true. Path: $ | LineNumber: 0 | BytePositionInLine: 0.
       ---> System.Text.Json.JsonReaderException: The input does not contain any JSON tokens. Expected the input to start with a valid JSON token, when isFinalBlock is true. LineNumber: 0 | BytePositionInLine: 0.
         at System.Text.Json.ThrowHelper.ThrowJsonReaderException(Utf8JsonReader& json, ExceptionResource resource, Byte nextByte, ReadOnlySpan`1 bytes)
         at System.Text.Json.Utf8JsonReader.Read()
         at System.Text.Json.Serialization.JsonConverter`1.ReadCore(Utf8JsonReader& reader, JsonSerializerOptions options, ReadStack& state)
         --- End of inner exception stack trace ---
         at System.Text.Json.ThrowHelper.ReThrowWithPath(ReadStack& state, JsonReaderException ex)
         at System.Text.Json.Serialization.JsonConverter`1.ReadCore(Utf8JsonReader& reader, JsonSerializerOptions options, ReadStack& state)
         at System.Text.Json.JsonSerializer.ReadFromSpan[TValue](ReadOnlySpan`1 utf8Json, JsonTypeInfo`1 jsonTypeInfo, Nullable`1 actualByteCount)
         at System.Text.Json.JsonSerializer.ReadFromSpan[TValue](ReadOnlySpan`1 json, JsonTypeInfo`1 jsonTypeInfo)
         at Location_voiture_front_web.Services.ApiService.HandleResponse[T](HttpResponseMessage response) in /Users/m3/Documents/Projects/c#.net/Location-voiture-front-web/Services/ApiService.cs:line 188
warn: Location_voiture_front_web.Pages.IndexModel[0]
      Error loading vehicles: Erreur: Unauthorized
info: System.Net.Http.HttpClient.IApiService.LogicalHandler[100]
      Start processing HTTP request GET http://localhost:5269/api/Vehicules
info: System.Net.Http.HttpClient.IApiService.ClientHandler[100]
      Sending HTTP request GET http://localhost:5269/api/Vehicules
info: System.Net.Http.HttpClient.IApiService.ClientHandler[101]
      Received HTTP response headers after 10.0365ms - 401
info: System.Net.Http.HttpClient.IApiService.LogicalHandler[101]
      End processing HTTP request after 10.2146ms - 401
fail: Location_voiture_front_web.Services.ApiService[0]
      Error parsing error response: 
      System.Text.Json.JsonException: The input does not contain any JSON tokens. Expected the input to start with a valid JSON token, when isFinalBlock is true. Path: $ | LineNumber: 0 | BytePositionInLine: 0.
       ---> System.Text.Json.JsonReaderException: The input does not contain any JSON tokens. Expected the input to start with a valid JSON token, when isFinalBlock is true. LineNumber: 0 | BytePositionInLine: 0.
         at System.Text.Json.ThrowHelper.ThrowJsonReaderException(Utf8JsonReader& json, ExceptionResource resource, Byte nextByte, ReadOnlySpan`1 bytes)
         at System.Text.Json.Utf8JsonReader.Read()
         at System.Text.Json.Serialization.JsonConverter`1.ReadCore(Utf8JsonReader& reader, JsonSerializerOptions options, ReadStack& state)
         --- End of inner exception stack trace ---
         at System.Text.Json.ThrowHelper.ReThrowWithPath(ReadStack& state, JsonReaderException ex)
         at System.Text.Json.Serialization.JsonConverter`1.ReadCore(Utf8JsonReader& reader, JsonSerializerOptions options, ReadStack& state)
         at System.Text.Json.JsonSerializer.ReadFromSpan[TValue](ReadOnlySpan`1 utf8Json, JsonTypeInfo`1 jsonTypeInfo, Nullable`1 actualByteCount)
         at System.Text.Json.JsonSerializer.ReadFromSpan[TValue](ReadOnlySpan`1 json, JsonTypeInfo`1 jsonTypeInfo)
         at Location_voiture_front_web.Services.ApiService.HandleResponse[T](HttpResponseMessage response) in /Users/m3/Documents/Projects/c#.net/Location-voiture-front-web/Services/ApiService.cs:line 188
warn: Location_voiture_front_web.Pages.IndexModel[0]
      Error loading vehicles: Erreur: Unauthorized
info: System.Net.Http.HttpClient.IApiService.LogicalHandler[100]
      Start processing HTTP request GET http://localhost:5269/api/Vehicules
info: System.Net.Http.HttpClient.IApiService.ClientHandler[100]
      Sending HTTP request GET http://localhost:5269/api/Vehicules
info: System.Net.Http.HttpClient.IApiService.ClientHandler[101]
      Received HTTP response headers after 0.8847ms - 401
info: System.Net.Http.HttpClient.IApiService.LogicalHandler[101]
      End processing HTTP request after 0.944ms - 401
fail: Location_voiture_front_web.Services.ApiService[0]
      Error parsing error response: 
      System.Text.Json.JsonException: The input does not contain any JSON tokens. Expected the input to start with a valid JSON token, when isFinalBlock is true. Path: $ | LineNumber: 0 | BytePositionInLine: 0.
       ---> System.Text.Json.JsonReaderException: The input does not contain any JSON tokens. Expected the input to start with a valid JSON token, when isFinalBlock is true. LineNumber: 0 | BytePositionInLine: 0.
         at System.Text.Json.ThrowHelper.ThrowJsonReaderException(Utf8JsonReader& json, ExceptionResource resource, Byte nextByte, ReadOnlySpan`1 bytes)
         at System.Text.Json.Utf8JsonReader.Read()
         at System.Text.Json.Serialization.JsonConverter`1.ReadCore(Utf8JsonReader& reader, JsonSerializerOptions options, ReadStack& state)
         --- End of inner exception stack trace ---
         at System.Text.Json.ThrowHelper.ReThrowWithPath(ReadStack& state, JsonReaderException ex)
         at System.Text.Json.Serialization.JsonConverter`1.ReadCore(Utf8JsonReader& reader, JsonSerializerOptions options, ReadStack& state)
         at System.Text.Json.JsonSerializer.ReadFromSpan[TValue](ReadOnlySpan`1 utf8Json, JsonTypeInfo`1 jsonTypeInfo, Nullable`1 actualByteCount)
         at System.Text.Json.JsonSerializer.ReadFromSpan[TValue](ReadOnlySpan`1 json, JsonTypeInfo`1 jsonTypeInfo)
         at Location_voiture_front_web.Services.ApiService.HandleResponse[T](HttpResponseMessage response) in /Users/m3/Documents/Projects/c#.net/Location-voiture-front-web/Services/ApiService.cs:line 188
warn: Location_voiture_front_web.Pages.IndexModel[0]
      Error loading vehicles: Erreur: Unauthorized
info: System.Net.Http.HttpClient.IApiService.LogicalHandler[100]
      Start processing HTTP request GET http://localhost:5269/api/Vehicules
info: System.Net.Http.HttpClient.IApiService.ClientHandler[100]
      Sending HTTP request GET http://localhost:5269/api/Vehicules
info: System.Net.Http.HttpClient.IApiService.ClientHandler[101]
      Received HTTP response headers after 10.4509ms - 401
info: System.Net.Http.HttpClient.IApiService.LogicalHandler[101]
      End processing HTTP request after 10.6383ms - 401
fail: Location_voiture_front_web.Services.ApiService[0]
      Error parsing error response: 
      System.Text.Json.JsonException: The input does not contain any JSON tokens. Expected the input to start with a valid JSON token, when isFinalBlock is true. Path: $ | LineNumber: 0 | BytePositionInLine: 0.
       ---> System.Text.Json.JsonReaderException: The input does not contain any JSON tokens. Expected the input to start with a valid JSON token, when isFinalBlock is true. LineNumber: 0 | BytePositionInLine: 0.
         at System.Text.Json.ThrowHelper.ThrowJsonReaderException(Utf8JsonReader& json, ExceptionResource resource, Byte nextByte, ReadOnlySpan`1 bytes)
         at System.Text.Json.Utf8JsonReader.Read()
         at System.Text.Json.Serialization.JsonConverter`1.ReadCore(Utf8JsonReader& reader, JsonSerializerOptions options, ReadStack& state)
         --- End of inner exception stack trace ---
         at System.Text.Json.ThrowHelper.ReThrowWithPath(ReadStack& state, JsonReaderException ex)
         at System.Text.Json.Serialization.JsonConverter`1.ReadCore(Utf8JsonReader& reader, JsonSerializerOptions options, ReadStack& state)
         at System.Text.Json.JsonSerializer.ReadFromSpan[TValue](ReadOnlySpan`1 utf8Json, JsonTypeInfo`1 jsonTypeInfo, Nullable`1 actualByteCount)
         at System.Text.Json.JsonSerializer.ReadFromSpan[TValue](ReadOnlySpan`1 json, JsonTypeInfo`1 jsonTypeInfo)
         at Location_voiture_front_web.Services.ApiService.HandleResponse[T](HttpResponseMessage response) in /Users/m3/Documents/Projects/c#.net/Location-voiture-front-web/Services/ApiService.cs:line 188
warn: Location_voiture_front_web.Pages.IndexModel[0]
      Error loading vehicles: Erreur: Unauthorized
info: System.Net.Http.HttpClient.IApiService.LogicalHandler[100]
      Start processing HTTP request POST http://localhost:5269/api/Auth/login
info: System.Net.Http.HttpClient.IApiService.ClientHandler[100]
      Sending HTTP request POST http://localhost:5269/api/Auth/login
info: System.Net.Http.HttpClient.IApiService.ClientHandler[101]
      Received HTTP response headers after 217.5179ms - 200
info: System.Net.Http.HttpClient.IApiService.LogicalHandler[101]
      End processing HTTP request after 217.8302ms - 200
info: Location_voiture_front_web.Pages.Auth.LoginModel[0]
      Login response - Success: True, Data: exists
info: Location_voiture_front_web.Pages.Auth.LoginModel[0]
      User stored in session: jean.dupont@example.com
info: System.Net.Http.HttpClient.IApiService.LogicalHandler[100]
      Start processing HTTP request GET http://localhost:5269/api/Vehicules
info: System.Net.Http.HttpClient.IApiService.ClientHandler[100]
      Sending HTTP request GET http://localhost:5269/api/Vehicules
info: System.Net.Http.HttpClient.IApiService.ClientHandler[101]
      Received HTTP response headers after 0.7387ms - 401
info: System.Net.Http.HttpClient.IApiService.LogicalHandler[101]
      End processing HTTP request after 0.7901ms - 401
fail: Location_voiture_front_web.Services.ApiService[0]
      Error parsing error response: 
      System.Text.Json.JsonException: The input does not contain any JSON tokens. Expected the input to start with a valid JSON token, when isFinalBlock is true. Path: $ | LineNumber: 0 | BytePositionInLine: 0.
       ---> System.Text.Json.JsonReaderException: The input does not contain any JSON tokens. Expected the input to start with a valid JSON token, when isFinalBlock is true. LineNumber: 0 | BytePositionInLine: 0.
         at System.Text.Json.ThrowHelper.ThrowJsonReaderException(Utf8JsonReader& json, ExceptionResource resource, Byte nextByte, ReadOnlySpan`1 bytes)
         at System.Text.Json.Utf8JsonReader.Read()
         at System.Text.Json.Serialization.JsonConverter`1.ReadCore(Utf8JsonReader& reader, JsonSerializerOptions options, ReadStack& state)
         --- End of inner exception stack trace ---
         at System.Text.Json.ThrowHelper.ReThrowWithPath(ReadStack& state, JsonReaderException ex)
         at System.Text.Json.Serialization.JsonConverter`1.ReadCore(Utf8JsonReader& reader, JsonSerializerOptions options, ReadStack& state)
         at System.Text.Json.JsonSerializer.ReadFromSpan[TValue](ReadOnlySpan`1 utf8Json, JsonTypeInfo`1 jsonTypeInfo, Nullable`1 actualByteCount)
         at System.Text.Json.JsonSerializer.ReadFromSpan[TValue](ReadOnlySpan`1 json, JsonTypeInfo`1 jsonTypeInfo)
         at Location_voiture_front_web.Services.ApiService.HandleResponse[T](HttpResponseMessage response) in /Users/m3/Documents/Projects/c#.net/Location-voiture-front-web/Services/ApiService.cs:line 188
warn: Location_voiture_front_web.Pages.IndexModel[0]
      Error loading vehicles: Erreur: Unauthorized
info: System.Net.Http.HttpClient.IApiService.LogicalHandler[100]
      Start processing HTTP request GET http://localhost:5269/api/Vehicules
info: System.Net.Http.HttpClient.IApiService.ClientHandler[100]
      Sending HTTP request GET http://localhost:5269/api/Vehicules
info: System.Net.Http.HttpClient.IApiService.ClientHandler[101]
      Received HTTP response headers after 11.2254ms - 401
info: System.Net.Http.HttpClient.IApiService.LogicalHandler[101]
      End processing HTTP request after 11.9438ms - 401
fail: Location_voiture_front_web.Services.ApiService[0]
      Error parsing error response: 
      System.Text.Json.JsonException: The input does not contain any JSON tokens. Expected the input to start with a valid JSON token, when isFinalBlock is true. Path: $ | LineNumber: 0 | BytePositionInLine: 0.
       ---> System.Text.Json.JsonReaderException: The input does not contain any JSON tokens. Expected the input to start with a valid JSON token, when isFinalBlock is true. LineNumber: 0 | BytePositionInLine: 0.
         at System.Text.Json.ThrowHelper.ThrowJsonReaderException(Utf8JsonReader& json, ExceptionResource resource, Byte nextByte, ReadOnlySpan`1 bytes)
         at System.Text.Json.Utf8JsonReader.Read()
         at System.Text.Json.Serialization.JsonConverter`1.ReadCore(Utf8JsonReader& reader, JsonSerializerOptions options, ReadStack& state)
         --- End of inner exception stack trace ---
         at System.Text.Json.ThrowHelper.ReThrowWithPath(ReadStack& state, JsonReaderException ex)
         at System.Text.Json.Serialization.JsonConverter`1.ReadCore(Utf8JsonReader& reader, JsonSerializerOptions options, ReadStack& state)
         at System.Text.Json.JsonSerializer.ReadFromSpan[TValue](ReadOnlySpan`1 utf8Json, JsonTypeInfo`1 jsonTypeInfo, Nullable`1 actualByteCount)
         at System.Text.Json.JsonSerializer.ReadFromSpan[TValue](ReadOnlySpan`1 json, JsonTypeInfo`1 jsonTypeInfo)
         at Location_voiture_front_web.Services.ApiService.HandleResponse[T](HttpResponseMessage response) in /Users/m3/Documents/Projects/c#.net/Location-voiture-front-web/Services/ApiService.cs:line 188
warn: Location_voiture_front_web.Pages.IndexModel[0]
      Error loading vehicles: Erreur: Unauthorized
info: System.Net.Http.HttpClient.IApiService.LogicalHandler[100]
      Start processing HTTP request GET http://localhost:5269/api/Vehicules
info: System.Net.Http.HttpClient.IApiService.ClientHandler[100]
      Sending HTTP request GET http://localhost:5269/api/Vehicules
info: System.Net.Http.HttpClient.IApiService.ClientHandler[101]
      Received HTTP response headers after 2.569ms - 401
info: System.Net.Http.HttpClient.IApiService.LogicalHandler[101]
      End processing HTTP request after 2.8848ms - 401
fail: Location_voiture_front_web.Services.ApiService[0]
      Error parsing error response: 
      System.Text.Json.JsonException: The input does not contain any JSON tokens. Expected the input to start with a valid JSON token, when isFinalBlock is true. Path: $ | LineNumber: 0 | BytePositionInLine: 0.
       ---> System.Text.Json.JsonReaderException: The input does not contain any JSON tokens. Expected the input to start with a valid JSON token, when isFinalBlock is true. LineNumber: 0 | BytePositionInLine: 0.
         at System.Text.Json.ThrowHelper.ThrowJsonReaderException(Utf8JsonReader& json, ExceptionResource resource, Byte nextByte, ReadOnlySpan`1 bytes)
         at System.Text.Json.Utf8JsonReader.Read()
         at System.Text.Json.Serialization.JsonConverter`1.ReadCore(Utf8JsonReader& reader, JsonSerializerOptions options, ReadStack& state)
         --- End of inner exception stack trace ---
         at System.Text.Json.ThrowHelper.ReThrowWithPath(ReadStack& state, JsonReaderException ex)
         at System.Text.Json.Serialization.JsonConverter`1.ReadCore(Utf8JsonReader& reader, JsonSerializerOptions options, ReadStack& state)
         at System.Text.Json.JsonSerializer.ReadFromSpan[TValue](ReadOnlySpan`1 utf8Json, JsonTypeInfo`1 jsonTypeInfo, Nullable`1 actualByteCount)
         at System.Text.Json.JsonSerializer.ReadFromSpan[TValue](ReadOnlySpan`1 json, JsonTypeInfo`1 jsonTypeInfo)
         at Location_voiture_front_web.Services.ApiService.HandleResponse[T](HttpResponseMessage response) in /Users/m3/Documents/Projects/c#.net/Location-voiture-front-web/Services/ApiService.cs:line 188
warn: Location_voiture_front_web.Pages.IndexModel[0]
      Error loading vehicles: Erreur: Unauthorized
info: System.Net.Http.HttpClient.IApiService.LogicalHandler[100]
      Start processing HTTP request GET http://localhost:5269/api/Vehicules
info: System.Net.Http.HttpClient.IApiService.ClientHandler[100]
      Sending HTTP request GET http://localhost:5269/api/Vehicules
info: System.Net.Http.HttpClient.IApiService.ClientHandler[101]
      Received HTTP response headers after 3.6852ms - 401
info: System.Net.Http.HttpClient.IApiService.LogicalHandler[101]
      End processing HTTP request after 3.9076ms - 401
fail: Location_voiture_front_web.Services.ApiService[0]
      Error parsing error response: 
      System.Text.Json.JsonException: The input does not contain any JSON tokens. Expected the input to start with a valid JSON token, when isFinalBlock is true. Path: $ | LineNumber: 0 | BytePositionInLine: 0.
       ---> System.Text.Json.JsonReaderException: The input does not contain any JSON tokens. Expected the input to start with a valid JSON token, when isFinalBlock is true. LineNumber: 0 | BytePositionInLine: 0.
         at System.Text.Json.ThrowHelper.ThrowJsonReaderException(Utf8JsonReader& json, ExceptionResource resource, Byte nextByte, ReadOnlySpan`1 bytes)
         at System.Text.Json.Utf8JsonReader.Read()
         at System.Text.Json.Serialization.JsonConverter`1.ReadCore(Utf8JsonReader& reader, JsonSerializerOptions options, ReadStack& state)
         --- End of inner exception stack trace ---
         at System.Text.Json.ThrowHelper.ReThrowWithPath(ReadStack& state, JsonReaderException ex)
         at System.Text.Json.Serialization.JsonConverter`1.ReadCore(Utf8JsonReader& reader, JsonSerializerOptions options, ReadStack& state)
         at System.Text.Json.JsonSerializer.ReadFromSpan[TValue](ReadOnlySpan`1 utf8Json, JsonTypeInfo`1 jsonTypeInfo, Nullable`1 actualByteCount)
         at System.Text.Json.JsonSerializer.ReadFromSpan[TValue](ReadOnlySpan`1 json, JsonTypeInfo`1 jsonTypeInfo)
         at Location_voiture_front_web.Services.ApiService.HandleResponse[T](HttpResponseMessage response) in /Users/m3/Documents/Projects/c#.net/Location-voiture-front-web/Services/ApiService.cs:line 188
warn: Location_voiture_front_web.Pages.IndexModel[0]
      Error loading vehicles: Erreur: Unauthorized
info: System.Net.Http.HttpClient.IApiService.LogicalHandler[100]
      Start processing HTTP request GET http://localhost:5269/api/Vehicules
info: System.Net.Http.HttpClient.IApiService.ClientHandler[100]
      Sending HTTP request GET http://localhost:5269/api/Vehicules
info: System.Net.Http.HttpClient.IApiService.ClientHandler[101]
      Received HTTP response headers after 0.6925ms - 401
info: System.Net.Http.HttpClient.IApiService.LogicalHandler[101]
      End processing HTTP request after 0.7511ms - 401
fail: Location_voiture_front_web.Services.ApiService[0]
      Error parsing error response: 
      System.Text.Json.JsonException: The input does not contain any JSON tokens. Expected the input to start with a valid JSON token, when isFinalBlock is true. Path: $ | LineNumber: 0 | BytePositionInLine: 0.
       ---> System.Text.Json.JsonReaderException: The input does not contain any JSON tokens. Expected the input to start with a valid JSON token, when isFinalBlock is true. LineNumber: 0 | BytePositionInLine: 0.
         at System.Text.Json.ThrowHelper.ThrowJsonReaderException(Utf8JsonReader& json, ExceptionResource resource, Byte nextByte, ReadOnlySpan`1 bytes)
         at System.Text.Json.Utf8JsonReader.Read()
         at System.Text.Json.Serialization.JsonConverter`1.ReadCore(Utf8JsonReader& reader, JsonSerializerOptions options, ReadStack& state)
         --- End of inner exception stack trace ---
         at System.Text.Json.ThrowHelper.ReThrowWithPath(ReadStack& state, JsonReaderException ex)
         at System.Text.Json.Serialization.JsonConverter`1.ReadCore(Utf8JsonReader& reader, JsonSerializerOptions options, ReadStack& state)
         at System.Text.Json.JsonSerializer.ReadFromSpan[TValue](ReadOnlySpan`1 utf8Json, JsonTypeInfo`1 jsonTypeInfo, Nullable`1 actualByteCount)
         at System.Text.Json.JsonSerializer.ReadFromSpan[TValue](ReadOnlySpan`1 json, JsonTypeInfo`1 jsonTypeInfo)
         at Location_voiture_front_web.Services.ApiService.HandleResponse[T](HttpResponseMessage response) in /Users/m3/Documents/Projects/c#.net/Location-voiture-front-web/Services/ApiService.cs:line 188
warn: Location_voiture_front_web.Pages.IndexModel[0]
      Error loading vehicles: Erreur: Unauthorized
info: System.Net.Http.HttpClient.IApiService.LogicalHandler[100]
      Start processing HTTP request GET http://localhost:5269/api/Vehicules
info: System.Net.Http.HttpClient.IApiService.ClientHandler[100]
      Sending HTTP request GET http://localhost:5269/api/Vehicules
info: System.Net.Http.HttpClient.IApiService.ClientHandler[101]
      Received HTTP response headers after 1.9996ms - 401
info: System.Net.Http.HttpClient.IApiService.LogicalHandler[101]
      End processing HTTP request after 2.2141ms - 401
fail: Location_voiture_front_web.Services.ApiService[0]
      Error parsing error response: 
      System.Text.Json.JsonException: The input does not contain any JSON tokens. Expected the input to start with a valid JSON token, when isFinalBlock is true. Path: $ | LineNumber: 0 | BytePositionInLine: 0.
       ---> System.Text.Json.JsonReaderException: The input does not contain any JSON tokens. Expected the input to start with a valid JSON token, when isFinalBlock is true. LineNumber: 0 | BytePositionInLine: 0.
         at System.Text.Json.ThrowHelper.ThrowJsonReaderException(Utf8JsonReader& json, ExceptionResource resource, Byte nextByte, ReadOnlySpan`1 bytes)
         at System.Text.Json.Utf8JsonReader.Read()
         at System.Text.Json.Serialization.JsonConverter`1.ReadCore(Utf8JsonReader& reader, JsonSerializerOptions options, ReadStack& state)
         --- End of inner exception stack trace ---
         at System.Text.Json.ThrowHelper.ReThrowWithPath(ReadStack& state, JsonReaderException ex)
         at System.Text.Json.Serialization.JsonConverter`1.ReadCore(Utf8JsonReader& reader, JsonSerializerOptions options, ReadStack& state)
         at System.Text.Json.JsonSerializer.ReadFromSpan[TValue](ReadOnlySpan`1 utf8Json, JsonTypeInfo`1 jsonTypeInfo, Nullable`1 actualByteCount)
         at System.Text.Json.JsonSerializer.ReadFromSpan[TValue](ReadOnlySpan`1 json, JsonTypeInfo`1 jsonTypeInfo)
         at Location_voiture_front_web.Services.ApiService.HandleResponse[T](HttpResponseMessage response) in /Users/m3/Documents/Projects/c#.net/Location-voiture-front-web/Services/ApiService.cs:line 188
warn: Location_voiture_front_web.Pages.IndexModel[0]
      Error loading vehicles: Erreur: Unauthorized
info: System.Net.Http.HttpClient.IApiService.LogicalHandler[100]
      Start processing HTTP request GET http://localhost:5269/api/Vehicules
info: System.Net.Http.HttpClient.IApiService.ClientHandler[100]
      Sending HTTP request GET http://localhost:5269/api/Vehicules
info: System.Net.Http.HttpClient.IApiService.ClientHandler[101]
      Received HTTP response headers after 1.8131ms - 401
info: System.Net.Http.HttpClient.IApiService.LogicalHandler[101]
      End processing HTTP request after 2.1129ms - 401
fail: Location_voiture_front_web.Services.ApiService[0]
      Error parsing error response: 
      System.Text.Json.JsonException: The input does not contain any JSON tokens. Expected the input to start with a valid JSON token, when isFinalBlock is true. Path: $ | LineNumber: 0 | BytePositionInLine: 0.
       ---> System.Text.Json.JsonReaderException: The input does not contain any JSON tokens. Expected the input to start with a valid JSON token, when isFinalBlock is true. LineNumber: 0 | BytePositionInLine: 0.
         at System.Text.Json.ThrowHelper.ThrowJsonReaderException(Utf8JsonReader& json, ExceptionResource resource, Byte nextByte, ReadOnlySpan`1 bytes)
         at System.Text.Json.Utf8JsonReader.Read()
         at System.Text.Json.Serialization.JsonConverter`1.ReadCore(Utf8JsonReader& reader, JsonSerializerOptions options, ReadStack& state)
         --- End of inner exception stack trace ---
         at System.Text.Json.ThrowHelper.ReThrowWithPath(ReadStack& state, JsonReaderException ex)
         at System.Text.Json.Serialization.JsonConverter`1.ReadCore(Utf8JsonReader& reader, JsonSerializerOptions options, ReadStack& state)
         at System.Text.Json.JsonSerializer.ReadFromSpan[TValue](ReadOnlySpan`1 utf8Json, JsonTypeInfo`1 jsonTypeInfo, Nullable`1 actualByteCount)
         at System.Text.Json.JsonSerializer.ReadFromSpan[TValue](ReadOnlySpan`1 json, JsonTypeInfo`1 jsonTypeInfo)
         at Location_voiture_front_web.Services.ApiService.HandleResponse[T](HttpResponseMessage response) in /Users/m3/Documents/Projects/c#.net/Location-voiture-front-web/Services/ApiService.cs:line 188
warn: Location_voiture_front_web.Pages.IndexModel[0]
      Error loading vehicles: Erreur: Unauthorized
info: System.Net.Http.HttpClient.IApiService.LogicalHandler[100]
      Start processing HTTP request GET http://localhost:5269/api/Vehicules
info: System.Net.Http.HttpClient.IApiService.ClientHandler[100]
      Sending HTTP request GET http://localhost:5269/api/Vehicules
info: System.Net.Http.HttpClient.IApiService.ClientHandler[101]
      Received HTTP response headers after 16.1999ms - 401
info: System.Net.Http.HttpClient.IApiService.LogicalHandler[101]
      End processing HTTP request after 16.9265ms - 401
fail: Location_voiture_front_web.Services.ApiService[0]
      Error parsing error response: 
      System.Text.Json.JsonException: The input does not contain any JSON tokens. Expected the input to start with a valid JSON token, when isFinalBlock is true. Path: $ | LineNumber: 0 | BytePositionInLine: 0.
       ---> System.Text.Json.JsonReaderException: The input does not contain any JSON tokens. Expected the input to start with a valid JSON token, when isFinalBlock is true. LineNumber: 0 | BytePositionInLine: 0.
         at System.Text.Json.ThrowHelper.ThrowJsonReaderException(Utf8JsonReader& json, ExceptionResource resource, Byte nextByte, ReadOnlySpan`1 bytes)
         at System.Text.Json.Utf8JsonReader.Read()
         at System.Text.Json.Serialization.JsonConverter`1.ReadCore(Utf8JsonReader& reader, JsonSerializerOptions options, ReadStack& state)
         --- End of inner exception stack trace ---
         at System.Text.Json.ThrowHelper.ReThrowWithPath(ReadStack& state, JsonReaderException ex)
         at System.Text.Json.Serialization.JsonConverter`1.ReadCore(Utf8JsonReader& reader, JsonSerializerOptions options, ReadStack& state)
         at System.Text.Json.JsonSerializer.ReadFromSpan[TValue](ReadOnlySpan`1 utf8Json, JsonTypeInfo`1 jsonTypeInfo, Nullable`1 actualByteCount)
         at System.Text.Json.JsonSerializer.ReadFromSpan[TValue](ReadOnlySpan`1 json, JsonTypeInfo`1 jsonTypeInfo)
         at Location_voiture_front_web.Services.ApiService.HandleResponse[T](HttpResponseMessage response) in /Users/m3/Documents/Projects/c#.net/Location-voiture-front-web/Services/ApiService.cs:line 188
info: System.Net.Http.HttpClient.IApiService.LogicalHandler[100]
      Start processing HTTP request GET http://localhost:5269/api/Locations
info: System.Net.Http.HttpClient.IApiService.ClientHandler[100]
      Sending HTTP request GET http://localhost:5269/api/Locations
info: System.Net.Http.HttpClient.IApiService.ClientHandler[101]
      Received HTTP response headers after 4.0598ms - 401
info: System.Net.Http.HttpClient.IApiService.LogicalHandler[101]
      End processing HTTP request after 4.2705ms - 401
fail: Location_voiture_front_web.Services.ApiService[0]
      Error parsing error response: 
      System.Text.Json.JsonException: The input does not contain any JSON tokens. Expected the input to start with a valid JSON token, when isFinalBlock is true. Path: $ | LineNumber: 0 | BytePositionInLine: 0.
       ---> System.Text.Json.JsonReaderException: The input does not contain any JSON tokens. Expected the input to start with a valid JSON token, when isFinalBlock is true. LineNumber: 0 | BytePositionInLine: 0.
         at System.Text.Json.ThrowHelper.ThrowJsonReaderException(Utf8JsonReader& json, ExceptionResource resource, Byte nextByte, ReadOnlySpan`1 bytes)
         at System.Text.Json.Utf8JsonReader.Read()
         at System.Text.Json.Serialization.JsonConverter`1.ReadCore(Utf8JsonReader& reader, JsonSerializerOptions options, ReadStack& state)
         --- End of inner exception stack trace ---
         at System.Text.Json.ThrowHelper.ReThrowWithPath(ReadStack& state, JsonReaderException ex)
         at System.Text.Json.Serialization.JsonConverter`1.ReadCore(Utf8JsonReader& reader, JsonSerializerOptions options, ReadStack& state)
         at System.Text.Json.JsonSerializer.ReadFromSpan[TValue](ReadOnlySpan`1 utf8Json, JsonTypeInfo`1 jsonTypeInfo, Nullable`1 actualByteCount)
         at System.Text.Json.JsonSerializer.ReadFromSpan[TValue](ReadOnlySpan`1 json, JsonTypeInfo`1 jsonTypeInfo)
         at Location_voiture_front_web.Services.ApiService.HandleResponse[T](HttpResponseMessage response) in /Users/m3/Documents/Projects/c#.net/Location-voiture-front-web/Services/ApiService.cs:line 188
info: System.Net.Http.HttpClient.IApiService.LogicalHandler[100]
      Start processing HTTP request GET http://localhost:5269/api/Locations
info: System.Net.Http.HttpClient.IApiService.ClientHandler[100]
      Sending HTTP request GET http://localhost:5269/api/Locations
info: System.Net.Http.HttpClient.IApiService.ClientHandler[101]
      Received HTTP response headers after 2.5653ms - 401
info: System.Net.Http.HttpClient.IApiService.LogicalHandler[101]
      End processing HTTP request after 2.7976ms - 401
fail: Location_voiture_front_web.Services.ApiService[0]
      Error parsing error response: 
      System.Text.Json.JsonException: The input does not contain any JSON tokens. Expected the input to start with a valid JSON token, when isFinalBlock is true. Path: $ | LineNumber: 0 | BytePositionInLine: 0.
       ---> System.Text.Json.JsonReaderException: The input does not contain any JSON tokens. Expected the input to start with a valid JSON token, when isFinalBlock is true. LineNumber: 0 | BytePositionInLine: 0.
         at System.Text.Json.ThrowHelper.ThrowJsonReaderException(Utf8JsonReader& json, ExceptionResource resource, Byte nextByte, ReadOnlySpan`1 bytes)
         at System.Text.Json.Utf8JsonReader.Read()
         at System.Text.Json.Serialization.JsonConverter`1.ReadCore(Utf8JsonReader& reader, JsonSerializerOptions options, ReadStack& state)
         --- End of inner exception stack trace ---
         at System.Text.Json.ThrowHelper.ReThrowWithPath(ReadStack& state, JsonReaderException ex)
         at System.Text.Json.Serialization.JsonConverter`1.ReadCore(Utf8JsonReader& reader, JsonSerializerOptions options, ReadStack& state)
         at System.Text.Json.JsonSerializer.ReadFromSpan[TValue](ReadOnlySpan`1 utf8Json, JsonTypeInfo`1 jsonTypeInfo, Nullable`1 actualByteCount)
         at System.Text.Json.JsonSerializer.ReadFromSpan[TValue](ReadOnlySpan`1 json, JsonTypeInfo`1 jsonTypeInfo)
         at Location_voiture_front_web.Services.ApiService.HandleResponse[T](HttpResponseMessage response) in /Users/m3/Documents/Projects/c#.net/Location-voiture-front-web/Services/ApiService.cs:line 188
info: System.Net.Http.HttpClient.IApiService.LogicalHandler[100]
      Start processing HTTP request GET http://localhost:5269/api/Locations
info: System.Net.Http.HttpClient.IApiService.ClientHandler[100]
      Sending HTTP request GET http://localhost:5269/api/Locations
info: System.Net.Http.HttpClient.IApiService.ClientHandler[101]
      Received HTTP response headers after 2.4204ms - 401
info: System.Net.Http.HttpClient.IApiService.LogicalHandler[101]
      End processing HTTP request after 2.8527ms - 401
fail: Location_voiture_front_web.Services.ApiService[0]
      Error parsing error response: 
      System.Text.Json.JsonException: The input does not contain any JSON tokens. Expected the input to start with a valid JSON token, when isFinalBlock is true. Path: $ | LineNumber: 0 | BytePositionInLine: 0.
       ---> System.Text.Json.JsonReaderException: The input does not contain any JSON tokens. Expected the input to start with a valid JSON token, when isFinalBlock is true. LineNumber: 0 | BytePositionInLine: 0.
         at System.Text.Json.ThrowHelper.ThrowJsonReaderException(Utf8JsonReader& json, ExceptionResource resource, Byte nextByte, ReadOnlySpan`1 bytes)
         at System.Text.Json.Utf8JsonReader.Read()
         at System.Text.Json.Serialization.JsonConverter`1.ReadCore(Utf8JsonReader& reader, JsonSerializerOptions options, ReadStack& state)
         --- End of inner exception stack trace ---
         at System.Text.Json.ThrowHelper.ReThrowWithPath(ReadStack& state, JsonReaderException ex)
         at System.Text.Json.Serialization.JsonConverter`1.ReadCore(Utf8JsonReader& reader, JsonSerializerOptions options, ReadStack& state)
         at System.Text.Json.JsonSerializer.ReadFromSpan[TValue](ReadOnlySpan`1 utf8Json, JsonTypeInfo`1 jsonTypeInfo, Nullable`1 actualByteCount)
         at System.Text.Json.JsonSerializer.ReadFromSpan[TValue](ReadOnlySpan`1 json, JsonTypeInfo`1 jsonTypeInfo)
         at Location_voiture_front_web.Services.ApiService.HandleResponse[T](HttpResponseMessage response) in /Users/m3/Documents/Projects/c#.net/Location-voiture-front-web/Services/ApiService.cs:line 188
info: System.Net.Http.HttpClient.IApiService.LogicalHandler[100]
      Start processing HTTP request GET http://localhost:5269/api/Locations
info: System.Net.Http.HttpClient.IApiService.ClientHandler[100]
      Sending HTTP request GET http://localhost:5269/api/Locations
info: System.Net.Http.HttpClient.IApiService.ClientHandler[101]
      Received HTTP response headers after 14.1003ms - 401
info: System.Net.Http.HttpClient.IApiService.LogicalHandler[101]
      End processing HTTP request after 14.7077ms - 401
fail: Location_voiture_front_web.Services.ApiService[0]
      Error parsing error response: 
      System.Text.Json.JsonException: The input does not contain any JSON tokens. Expected the input to start with a valid JSON token, when isFinalBlock is true. Path: $ | LineNumber: 0 | BytePositionInLine: 0.
       ---> System.Text.Json.JsonReaderException: The input does not contain any JSON tokens. Expected the input to start with a valid JSON token, when isFinalBlock is true. LineNumber: 0 | BytePositionInLine: 0.
         at System.Text.Json.ThrowHelper.ThrowJsonReaderException(Utf8JsonReader& json, ExceptionResource resource, Byte nextByte, ReadOnlySpan`1 bytes)
         at System.Text.Json.Utf8JsonReader.Read()
         at System.Text.Json.Serialization.JsonConverter`1.ReadCore(Utf8JsonReader& reader, JsonSerializerOptions options, ReadStack& state)
         --- End of inner exception stack trace ---
         at System.Text.Json.ThrowHelper.ReThrowWithPath(ReadStack& state, JsonReaderException ex)
         at System.Text.Json.Serialization.JsonConverter`1.ReadCore(Utf8JsonReader& reader, JsonSerializerOptions options, ReadStack& state)
         at System.Text.Json.JsonSerializer.ReadFromSpan[TValue](ReadOnlySpan`1 json, JsonTypeInfo`1 jsonTypeInfo)
         at System.Text.Json.JsonSerializer.Deserialize[TValue](String json, JsonSerializerOptions options)
         at Location_voiture_front_web.Services.ApiService.HandleResponse[T](HttpResponseMessage response) in /Users/m3/Documents/Projects/c#.net/Location-voiture-front-web/Services/ApiService.cs:line 188
info: System.Net.Http.HttpClient.IApiService.LogicalHandler[100]
      Start processing HTTP request GET http://localhost:5269/api/Locations
info: System.Net.Http.HttpClient.IApiService.ClientHandler[100]
      Sending HTTP request GET http://localhost:5269/api/Locations
info: System.Net.Http.HttpClient.IApiService.ClientHandler[101]
      Received HTTP response headers after 2.2755ms - 401
info: System.Net.Http.HttpClient.IApiService.LogicalHandler[101]
      End processing HTTP request after 2.5107ms - 401
fail: Location_voiture_front_web.Services.ApiService[0]
      Error parsing error response: 
      System.Text.Json.JsonException: The input does not contain any JSON tokens. Expected the input to start with a valid JSON token, when isFinalBlock is true. Path: $ | LineNumber: 0 | BytePositionInLine: 0.
       ---> System.Text.Json.JsonReaderException: The input does not contain any JSON tokens. Expected the input to start with a valid JSON token, when isFinalBlock is true. LineNumber: 0 | BytePositionInLine: 0.
         at System.Text.Json.ThrowHelper.ThrowJsonReaderException(Utf8JsonReader& json, ExceptionResource resource, Byte nextByte, ReadOnlySpan`1 bytes)
         at System.Text.Json.Utf8JsonReader.Read()
         at System.Text.Json.Serialization.JsonConverter`1.ReadCore(Utf8JsonReader& reader, JsonSerializerOptions options, ReadStack& state)
         --- End of inner exception stack trace ---
         at System.Text.Json.ThrowHelper.ReThrowWithPath(ReadStack& state, JsonReaderException ex)
         at System.Text.Json.Serialization.JsonConverter`1.ReadCore(Utf8JsonReader& reader, JsonSerializerOptions options, ReadStack& state)
         at System.Text.Json.JsonSerializer.ReadFromSpan[TValue](ReadOnlySpan`1 json, JsonTypeInfo`1 jsonTypeInfo)
         at System.Text.Json.JsonSerializer.Deserialize[TValue](String json, JsonSerializerOptions options)
         at Location_voiture_front_web.Services.ApiService.HandleResponse[T](HttpResponseMessage response) in /Users/m3/Documents/Projects/c#.net/Location-voiture-front-web/Services/ApiService.cs:line 188
info: System.Net.Http.HttpClient.IApiService.LogicalHandler[100]
      Start processing HTTP request GET http://localhost:5269/api/Locations
info: System.Net.Http.HttpClient.IApiService.ClientHandler[100]
      Sending HTTP request GET http://localhost:5269/api/Locations
info: System.Net.Http.HttpClient.IApiService.ClientHandler[101]
      Received HTTP response headers after 1.0021ms - 401
info: System.Net.Http.HttpClient.IApiService.LogicalHandler[101]
      End processing HTTP request after 1.0702ms - 401
fail: Location_voiture_front_web.Services.ApiService[0]
      Error parsing error response: 
      System.Text.Json.JsonException: The input does not contain any JSON tokens. Expected the input to start with a valid JSON token, when isFinalBlock is true. Path: $ | LineNumber: 0 | BytePositionInLine: 0.
       ---> System.Text.Json.JsonReaderException: The input does not contain any JSON tokens. Expected the input to start with a valid JSON token, when isFinalBlock is true. LineNumber: 0 | BytePositionInLine: 0.
         at System.Text.Json.ThrowHelper.ThrowJsonReaderException(Utf8JsonReader& json, ExceptionResource resource, Byte nextByte, ReadOnlySpan`1 bytes)
         at System.Text.Json.Utf8JsonReader.Read()
         at System.Text.Json.Serialization.JsonConverter`1.ReadCore(Utf8JsonReader& reader, JsonSerializerOptions options, ReadStack& state)
         --- End of inner exception stack trace ---
         at System.Text.Json.ThrowHelper.ReThrowWithPath(ReadStack& state, JsonReaderException ex)
         at System.Text.Json.Serialization.JsonConverter`1.ReadCore(Utf8JsonReader& reader, JsonSerializerOptions options, ReadStack& state)
         at System.Text.Json.JsonSerializer.ReadFromSpan[TValue](ReadOnlySpan`1 json, JsonTypeInfo`1 jsonTypeInfo)
         at System.Text.Json.JsonSerializer.Deserialize[TValue](String json, JsonSerializerOptions options)
         at Location_voiture_front_web.Services.ApiService.HandleResponse[T](HttpResponseMessage response) in /Users/m3/Documents/Projects/c#.net/Location-voiture-front-web/Services/ApiService.cs:line 188
info: System.Net.Http.HttpClient.IApiService.LogicalHandler[100]
      Start processing HTTP request GET http://localhost:5269/api/Locations
info: System.Net.Http.HttpClient.IApiService.ClientHandler[100]
      Sending HTTP request GET http://localhost:5269/api/Locations
info: System.Net.Http.HttpClient.IApiService.ClientHandler[101]
      Received HTTP response headers after 0.8574ms - 401
info: System.Net.Http.HttpClient.IApiService.LogicalHandler[101]
      End processing HTTP request after 0.9207ms - 401
fail: Location_voiture_front_web.Services.ApiService[0]
      Error parsing error response: 
      System.Text.Json.JsonException: The input does not contain any JSON tokens. Expected the input to start with a valid JSON token, when isFinalBlock is true. Path: $ | LineNumber: 0 | BytePositionInLine: 0.
       ---> System.Text.Json.JsonReaderException: The input does not contain any JSON tokens. Expected the input to start with a valid JSON token, when isFinalBlock is true. LineNumber: 0 | BytePositionInLine: 0.
         at System.Text.Json.ThrowHelper.ThrowJsonReaderException(Utf8JsonReader& json, ExceptionResource resource, Byte nextByte, ReadOnlySpan`1 bytes)
         at System.Text.Json.Utf8JsonReader.Read()
         at System.Text.Json.Serialization.JsonConverter`1.ReadCore(Utf8JsonReader& reader, JsonSerializerOptions options, ReadStack& state)
         --- End of inner exception stack trace ---
         at System.Text.Json.ThrowHelper.ReThrowWithPath(ReadStack& state, JsonReaderException ex)
         at System.Text.Json.Serialization.JsonConverter`1.ReadCore(Utf8JsonReader& reader, JsonSerializerOptions options, ReadStack& state)
         at System.Text.Json.JsonSerializer.ReadFromSpan[TValue](ReadOnlySpan`1 json, JsonTypeInfo`1 jsonTypeInfo)
         at System.Text.Json.JsonSerializer.Deserialize[TValue](String json, JsonSerializerOptions options)
         at Location_voiture_front_web.Services.ApiService.HandleResponse[T](HttpResponseMessage response) in /Users/m3/Documents/Projects/c#.net/Location-voiture-front-web/Services/ApiService.cs:line 188
info: System.Net.Http.HttpClient.IApiService.LogicalHandler[100]
      Start processing HTTP request GET http://localhost:5269/api/Locations
info: System.Net.Http.HttpClient.IApiService.ClientHandler[100]
      Sending HTTP request GET http://localhost:5269/api/Locations
info: System.Net.Http.HttpClient.IApiService.ClientHandler[101]
      Received HTTP response headers after 14.4452ms - 401
info: System.Net.Http.HttpClient.IApiService.LogicalHandler[101]
      End processing HTTP request after 14.8871ms - 401
fail: Location_voiture_front_web.Services.ApiService[0]
      Error parsing error response: 
      System.Text.Json.JsonException: The input does not contain any JSON tokens. Expected the input to start with a valid JSON token, when isFinalBlock is true. Path: $ | LineNumber: 0 | BytePositionInLine: 0.
       ---> System.Text.Json.JsonReaderException: The input does not contain any JSON tokens. Expected the input to start with a valid JSON token, when isFinalBlock is true. LineNumber: 0 | BytePositionInLine: 0.
         at System.Text.Json.ThrowHelper.ThrowJsonReaderException(Utf8JsonReader& json, ExceptionResource resource, Byte nextByte, ReadOnlySpan`1 bytes)
         at System.Text.Json.Utf8JsonReader.Read()
         at System.Text.Json.Serialization.JsonConverter`1.ReadCore(Utf8JsonReader& reader, JsonSerializerOptions options, ReadStack& state)
         --- End of inner exception stack trace ---
         at System.Text.Json.ThrowHelper.ReThrowWithPath(ReadStack& state, JsonReaderException ex)
         at System.Text.Json.Serialization.JsonConverter`1.ReadCore(Utf8JsonReader& reader, JsonSerializerOptions options, ReadStack& state)
         at System.Text.Json.JsonSerializer.ReadFromSpan[TValue](ReadOnlySpan`1 json, JsonTypeInfo`1 jsonTypeInfo)
         at System.Text.Json.JsonSerializer.Deserialize[TValue](String json, JsonSerializerOptions options)
         at Location_voiture_front_web.Services.ApiService.HandleResponse[T](HttpResponseMessage response) in /Users/m3/Documents/Projects/c#.net/Location-voiture-front-web/Services/ApiService.cs:line 188
